TN:
SF:/Users/jen/codefellows/401/09-persistence/src/lib/parser.js
FN:6,(anonymous_0)
FN:7,(anonymous_1)
FN:18,(anonymous_2)
FN:22,(anonymous_3)
FNF:4
FNH:2
FNDA:5,(anonymous_0)
FNDA:5,(anonymous_1)
FNDA:0,(anonymous_2)
FNDA:0,(anonymous_3)
DA:3,2
DA:4,2
DA:6,2
DA:7,5
DA:8,5
DA:10,4
DA:11,3
DA:13,3
DA:14,2
DA:16,2
DA:18,2
DA:19,0
DA:22,0
DA:23,0
DA:24,0
DA:25,0
DA:27,0
DA:29,0
LF:18
LH:11
BRDA:8,0,0,0
BRDA:8,0,1,4
BRDA:8,1,0,5
BRDA:8,1,1,1
BRDA:13,2,0,2
BRDA:13,2,1,0
BRF:6
BRH:4
end_of_record
TN:
SF:/Users/jen/codefellows/401/09-persistence/src/lib/router.js
FN:11,(anonymous_0)
FN:15,(anonymous_1)
FN:21,(anonymous_2)
FN:23,(anonymous_3)
FN:29,(anonymous_4)
FNF:5
FNH:4
FNDA:5,(anonymous_0)
FNDA:9,(anonymous_1)
FNDA:1,(anonymous_2)
FNDA:1,(anonymous_3)
FNDA:0,(anonymous_4)
DA:3,1
DA:4,1
DA:7,1
DA:9,1
DA:11,1
DA:13,5
DA:15,5
DA:16,9
DA:21,1
DA:22,1
DA:24,1
DA:25,1
DA:26,1
DA:30,0
DA:31,0
DA:32,0
DA:33,0
LF:17
LH:13
BRDA:25,0,0,1
BRDA:25,0,1,0
BRF:2
BRH:1
end_of_record
